Performing C SOURCE FILE Test CMAKE_HAVE_LIBC_PTHREAD failed with the following output:
Change Dir: /home/chris/Projects/ABlaze/CMakeFiles/CMakeTmp

Run Build Command(s):/usr/bin/make cmTC_34188/fast && make[1]: Entering directory '/home/chris/Projects/ABlaze/CMakeFiles/CMakeTmp'
/usr/bin/make  -f CMakeFiles/cmTC_34188.dir/build.make CMakeFiles/cmTC_34188.dir/build
make[2]: Entering directory '/home/chris/Projects/ABlaze/CMakeFiles/CMakeTmp'
Building C object CMakeFiles/cmTC_34188.dir/src.c.o
/usr/bin/cc -DCMAKE_HAVE_LIBC_PTHREAD   -o CMakeFiles/cmTC_34188.dir/src.c.o -c /home/chris/Projects/ABlaze/CMakeFiles/CMakeTmp/src.c
Linking C executable cmTC_34188
/usr/bin/cmake -E cmake_link_script CMakeFiles/cmTC_34188.dir/link.txt --verbose=1
/usr/bin/cc -rdynamic CMakeFiles/cmTC_34188.dir/src.c.o -o cmTC_34188 
/usr/bin/ld: CMakeFiles/cmTC_34188.dir/src.c.o: in function `main':
src.c:(.text+0x3e): undefined reference to `pthread_create'
/usr/bin/ld: src.c:(.text+0x4a): undefined reference to `pthread_detach'
/usr/bin/ld: src.c:(.text+0x56): undefined reference to `pthread_cancel'
/usr/bin/ld: src.c:(.text+0x67): undefined reference to `pthread_join'
collect2: error: ld returned 1 exit status
make[2]: *** [CMakeFiles/cmTC_34188.dir/build.make:106: cmTC_34188] Error 1
make[2]: Leaving directory '/home/chris/Projects/ABlaze/CMakeFiles/CMakeTmp'
make[1]: *** [Makefile:140: cmTC_34188/fast] Error 2
make[1]: Leaving directory '/home/chris/Projects/ABlaze/CMakeFiles/CMakeTmp'


Source file was:
#include <pthread.h>

static void* test_func(void* data)
{
  return data;
}

int main(void)
{
  pthread_t thread;
  pthread_create(&thread, NULL, test_func, NULL);
  pthread_detach(thread);
  pthread_cancel(thread);
  pthread_join(thread, NULL);
  pthread_atfork(NULL, NULL, NULL);
  pthread_exit(NULL);

  return 0;
}

Determining if the function pthread_create exists in the pthreads failed with the following output:
Change Dir: /home/chris/Projects/ABlaze/CMakeFiles/CMakeTmp

Run Build Command(s):/usr/bin/make cmTC_e9d24/fast && make[1]: Entering directory '/home/chris/Projects/ABlaze/CMakeFiles/CMakeTmp'
/usr/bin/make  -f CMakeFiles/cmTC_e9d24.dir/build.make CMakeFiles/cmTC_e9d24.dir/build
make[2]: Entering directory '/home/chris/Projects/ABlaze/CMakeFiles/CMakeTmp'
Building C object CMakeFiles/cmTC_e9d24.dir/CheckFunctionExists.c.o
/usr/bin/cc   -DCHECK_FUNCTION_EXISTS=pthread_create -o CMakeFiles/cmTC_e9d24.dir/CheckFunctionExists.c.o -c /usr/share/cmake-3.19/Modules/CheckFunctionExists.c
Linking C executable cmTC_e9d24
/usr/bin/cmake -E cmake_link_script CMakeFiles/cmTC_e9d24.dir/link.txt --verbose=1
/usr/bin/cc  -DCHECK_FUNCTION_EXISTS=pthread_create -rdynamic CMakeFiles/cmTC_e9d24.dir/CheckFunctionExists.c.o -o cmTC_e9d24  -lpthreads 
/usr/bin/ld: cannot find -lpthreads
collect2: error: ld returned 1 exit status
make[2]: *** [CMakeFiles/cmTC_e9d24.dir/build.make:106: cmTC_e9d24] Error 1
make[2]: Leaving directory '/home/chris/Projects/ABlaze/CMakeFiles/CMakeTmp'
make[1]: *** [Makefile:140: cmTC_e9d24/fast] Error 2
make[1]: Leaving directory '/home/chris/Projects/ABlaze/CMakeFiles/CMakeTmp'



